<?xml version="1.0" encoding="UTF-8"?>
<testsuite xmlns:xsi="http://www.w3.org/2001/XMLSchema-instance" xsi:noNamespaceSchemaLocation="https://maven.apache.org/surefire/maven-failsafe-plugin/xsd/failsafe-test-report.xsd" version="3.0.2" name="io.oigres.ecomm.bff.admin.usecases.categories.list.ListCategoriesUseCaseTest" time="10.749" tests="2" errors="0" skipped="0" failures="0">
  <properties>
    <property name="git.tags" value=""/>
    <property name="java.specification.version" value="21"/>
    <property name="sun.jnu.encoding" value="UTF-8"/>
    <property name="git.build.version" value="0.1.0-SNAPSHOT"/>
    <property name="java.class.path" value="/home/sergio/dev/projects/e-commerce/admin-bff/target/test-classes:/home/sergio/dev/projects/e-commerce/admin-bff/target/classes:/home/sergio/.m2/repository/org/projectlombok/lombok/1.18.34/lombok-1.18.34.jar:/home/sergio/.m2/repository/org/springframework/boot/spring-boot-starter-web/3.3.2/spring-boot-starter-web-3.3.2.jar:/home/sergio/.m2/repository/org/springframework/boot/spring-boot-starter/3.3.2/spring-boot-starter-3.3.2.jar:/home/sergio/.m2/repository/org/springframework/boot/spring-boot/3.3.2/spring-boot-3.3.2.jar:/home/sergio/.m2/repository/org/springframework/boot/spring-boot-autoconfigure/3.3.2/spring-boot-autoconfigure-3.3.2.jar:/home/sergio/.m2/repository/org/springframework/boot/spring-boot-starter-logging/3.3.2/spring-boot-starter-logging-3.3.2.jar:/home/sergio/.m2/repository/ch/qos/logback/logback-classic/1.5.6/logback-classic-1.5.6.jar:/home/sergio/.m2/repository/ch/qos/logback/logback-core/1.5.6/logback-core-1.5.6.jar:/home/sergio/.m2/repository/org/apache/logging/log4j/log4j-to-slf4j/2.23.1/log4j-to-slf4j-2.23.1.jar:/home/sergio/.m2/repository/org/apache/logging/log4j/log4j-api/2.23.1/log4j-api-2.23.1.jar:/home/sergio/.m2/repository/org/slf4j/jul-to-slf4j/2.0.13/jul-to-slf4j-2.0.13.jar:/home/sergio/.m2/repository/jakarta/annotation/jakarta.annotation-api/2.1.1/jakarta.annotation-api-2.1.1.jar:/home/sergio/.m2/repository/org/yaml/snakeyaml/2.2/snakeyaml-2.2.jar:/home/sergio/.m2/repository/org/springframework/boot/spring-boot-starter-json/3.3.2/spring-boot-starter-json-3.3.2.jar:/home/sergio/.m2/repository/com/fasterxml/jackson/core/jackson-databind/2.17.2/jackson-databind-2.17.2.jar:/home/sergio/.m2/repository/com/fasterxml/jackson/core/jackson-core/2.17.2/jackson-core-2.17.2.jar:/home/sergio/.m2/repository/com/fasterxml/jackson/datatype/jackson-datatype-jdk8/2.17.2/jackson-datatype-jdk8-2.17.2.jar:/home/sergio/.m2/repository/com/fasterxml/jackson/datatype/jackson-datatype-jsr310/2.17.2/jackson-datatype-jsr310-2.17.2.jar:/home/sergio/.m2/repository/com/fasterxml/jackson/module/jackson-module-parameter-names/2.17.2/jackson-module-parameter-names-2.17.2.jar:/home/sergio/.m2/repository/org/springframework/boot/spring-boot-starter-tomcat/3.3.2/spring-boot-starter-tomcat-3.3.2.jar:/home/sergio/.m2/repository/org/apache/tomcat/embed/tomcat-embed-core/10.1.26/tomcat-embed-core-10.1.26.jar:/home/sergio/.m2/repository/org/apache/tomcat/embed/tomcat-embed-websocket/10.1.26/tomcat-embed-websocket-10.1.26.jar:/home/sergio/.m2/repository/org/springframework/spring-web/6.1.11/spring-web-6.1.11.jar:/home/sergio/.m2/repository/org/springframework/spring-webmvc/6.1.11/spring-webmvc-6.1.11.jar:/home/sergio/.m2/repository/org/springframework/spring-context/6.1.11/spring-context-6.1.11.jar:/home/sergio/.m2/repository/org/springframework/spring-expression/6.1.11/spring-expression-6.1.11.jar:/home/sergio/.m2/repository/org/springframework/boot/spring-boot-starter-validation/3.3.2/spring-boot-starter-validation-3.3.2.jar:/home/sergio/.m2/repository/org/apache/tomcat/embed/tomcat-embed-el/10.1.26/tomcat-embed-el-10.1.26.jar:/home/sergio/.m2/repository/org/hibernate/validator/hibernate-validator/8.0.1.Final/hibernate-validator-8.0.1.Final.jar:/home/sergio/.m2/repository/org/jboss/logging/jboss-logging/3.5.3.Final/jboss-logging-3.5.3.Final.jar:/home/sergio/.m2/repository/com/fasterxml/classmate/1.7.0/classmate-1.7.0.jar:/home/sergio/.m2/repository/org/springframework/boot/spring-boot-starter-actuator/3.3.2/spring-boot-starter-actuator-3.3.2.jar:/home/sergio/.m2/repository/org/springframework/boot/spring-boot-actuator-autoconfigure/3.3.2/spring-boot-actuator-autoconfigure-3.3.2.jar:/home/sergio/.m2/repository/org/springframework/boot/spring-boot-actuator/3.3.2/spring-boot-actuator-3.3.2.jar:/home/sergio/.m2/repository/io/micrometer/micrometer-observation/1.13.2/micrometer-observation-1.13.2.jar:/home/sergio/.m2/repository/io/micrometer/micrometer-commons/1.13.2/micrometer-commons-1.13.2.jar:/home/sergio/.m2/repository/io/micrometer/micrometer-jakarta9/1.13.2/micrometer-jakarta9-1.13.2.jar:/home/sergio/.m2/repository/io/micrometer/micrometer-core/1.13.2/micrometer-core-1.13.2.jar:/home/sergio/.m2/repository/org/hdrhistogram/HdrHistogram/2.2.2/HdrHistogram-2.2.2.jar:/home/sergio/.m2/repository/org/latencyutils/LatencyUtils/2.0.3/LatencyUtils-2.0.3.jar:/home/sergio/.m2/repository/org/springdoc/springdoc-openapi-starter-webmvc-ui/2.6.0/springdoc-openapi-starter-webmvc-ui-2.6.0.jar:/home/sergio/.m2/repository/org/springdoc/springdoc-openapi-starter-webmvc-api/2.6.0/springdoc-openapi-starter-webmvc-api-2.6.0.jar:/home/sergio/.m2/repository/org/springdoc/springdoc-openapi-starter-common/2.6.0/springdoc-openapi-starter-common-2.6.0.jar:/home/sergio/.m2/repository/io/swagger/core/v3/swagger-core-jakarta/2.2.22/swagger-core-jakarta-2.2.22.jar:/home/sergio/.m2/repository/org/apache/commons/commons-lang3/3.14.0/commons-lang3-3.14.0.jar:/home/sergio/.m2/repository/io/swagger/core/v3/swagger-annotations-jakarta/2.2.22/swagger-annotations-jakarta-2.2.22.jar:/home/sergio/.m2/repository/io/swagger/core/v3/swagger-models-jakarta/2.2.22/swagger-models-jakarta-2.2.22.jar:/home/sergio/.m2/repository/org/webjars/swagger-ui/5.17.14/swagger-ui-5.17.14.jar:/home/sergio/.m2/repository/org/springframework/boot/spring-boot-starter-cache/3.3.2/spring-boot-starter-cache-3.3.2.jar:/home/sergio/.m2/repository/org/springframework/spring-context-support/6.1.11/spring-context-support-6.1.11.jar:/home/sergio/.m2/repository/org/springframework/boot/spring-boot-starter-data-redis/3.3.2/spring-boot-starter-data-redis-3.3.2.jar:/home/sergio/.m2/repository/io/lettuce/lettuce-core/6.3.2.RELEASE/lettuce-core-6.3.2.RELEASE.jar:/home/sergio/.m2/repository/io/netty/netty-common/4.1.111.Final/netty-common-4.1.111.Final.jar:/home/sergio/.m2/repository/io/netty/netty-handler/4.1.111.Final/netty-handler-4.1.111.Final.jar:/home/sergio/.m2/repository/io/netty/netty-transport/4.1.111.Final/netty-transport-4.1.111.Final.jar:/home/sergio/.m2/repository/org/springframework/data/spring-data-redis/3.3.2/spring-data-redis-3.3.2.jar:/home/sergio/.m2/repository/org/springframework/data/spring-data-keyvalue/3.3.2/spring-data-keyvalue-3.3.2.jar:/home/sergio/.m2/repository/org/springframework/data/spring-data-commons/3.3.2/spring-data-commons-3.3.2.jar:/home/sergio/.m2/repository/org/springframework/spring-tx/6.1.11/spring-tx-6.1.11.jar:/home/sergio/.m2/repository/org/springframework/spring-oxm/6.1.11/spring-oxm-6.1.11.jar:/home/sergio/.m2/repository/io/micrometer/micrometer-tracing-bridge-otel/1.3.2/micrometer-tracing-bridge-otel-1.3.2.jar:/home/sergio/.m2/repository/io/micrometer/micrometer-tracing/1.3.2/micrometer-tracing-1.3.2.jar:/home/sergio/.m2/repository/io/micrometer/context-propagation/1.1.1/context-propagation-1.1.1.jar:/home/sergio/.m2/repository/aopalliance/aopalliance/1.0/aopalliance-1.0.jar:/home/sergio/.m2/repository/org/slf4j/slf4j-api/2.0.9/slf4j-api-2.0.9.jar:/home/sergio/.m2/repository/io/opentelemetry/opentelemetry-api/1.37.0/opentelemetry-api-1.37.0.jar:/home/sergio/.m2/repository/io/opentelemetry/opentelemetry-context/1.37.0/opentelemetry-context-1.37.0.jar:/home/sergio/.m2/repository/io/opentelemetry/semconv/opentelemetry-semconv/1.23.1-alpha/opentelemetry-semconv-1.23.1-alpha.jar:/home/sergio/.m2/repository/io/opentelemetry/opentelemetry-sdk-common/1.37.0/opentelemetry-sdk-common-1.37.0.jar:/home/sergio/.m2/repository/io/opentelemetry/opentelemetry-sdk-trace/1.37.0/opentelemetry-sdk-trace-1.37.0.jar:/home/sergio/.m2/repository/io/opentelemetry/opentelemetry-sdk/1.37.0/opentelemetry-sdk-1.37.0.jar:/home/sergio/.m2/repository/io/opentelemetry/instrumentation/opentelemetry-instrumentation-api-semconv/1.33.4-alpha/opentelemetry-instrumentation-api-semconv-1.33.4-alpha.jar:/home/sergio/.m2/repository/io/opentelemetry/instrumentation/opentelemetry-instrumentation-api/1.33.4/opentelemetry-instrumentation-api-1.33.4.jar:/home/sergio/.m2/repository/io/opentelemetry/opentelemetry-api-incubator/1.39.0-alpha/opentelemetry-api-incubator-1.39.0-alpha.jar:/home/sergio/.m2/repository/io/opentelemetry/opentelemetry-extension-trace-propagators/1.37.0/opentelemetry-extension-trace-propagators-1.37.0.jar:/home/sergio/.m2/repository/io/opentelemetry/opentelemetry-exporter-otlp/1.37.0/opentelemetry-exporter-otlp-1.37.0.jar:/home/sergio/.m2/repository/io/opentelemetry/opentelemetry-sdk-metrics/1.37.0/opentelemetry-sdk-metrics-1.37.0.jar:/home/sergio/.m2/repository/io/opentelemetry/opentelemetry-sdk-logs/1.37.0/opentelemetry-sdk-logs-1.37.0.jar:/home/sergio/.m2/repository/io/opentelemetry/opentelemetry-exporter-otlp-common/1.37.0/opentelemetry-exporter-otlp-common-1.37.0.jar:/home/sergio/.m2/repository/io/opentelemetry/opentelemetry-exporter-common/1.37.0/opentelemetry-exporter-common-1.37.0.jar:/home/sergio/.m2/repository/io/opentelemetry/opentelemetry-exporter-sender-okhttp/1.37.0/opentelemetry-exporter-sender-okhttp-1.37.0.jar:/home/sergio/.m2/repository/com/squareup/okhttp3/okhttp/4.12.0/okhttp-4.12.0.jar:/home/sergio/.m2/repository/com/squareup/okio/okio/3.6.0/okio-3.6.0.jar:/home/sergio/.m2/repository/com/squareup/okio/okio-jvm/3.6.0/okio-jvm-3.6.0.jar:/home/sergio/.m2/repository/org/jetbrains/kotlin/kotlin-stdlib-common/1.9.24/kotlin-stdlib-common-1.9.24.jar:/home/sergio/.m2/repository/org/jetbrains/kotlin/kotlin-stdlib-jdk8/1.9.24/kotlin-stdlib-jdk8-1.9.24.jar:/home/sergio/.m2/repository/org/jetbrains/kotlin/kotlin-stdlib/1.9.24/kotlin-stdlib-1.9.24.jar:/home/sergio/.m2/repository/org/jetbrains/annotations/13.0/annotations-13.0.jar:/home/sergio/.m2/repository/org/jetbrains/kotlin/kotlin-stdlib-jdk7/1.9.24/kotlin-stdlib-jdk7-1.9.24.jar:/home/sergio/.m2/repository/io/opentelemetry/opentelemetry-sdk-extension-autoconfigure-spi/1.37.0/opentelemetry-sdk-extension-autoconfigure-spi-1.37.0.jar:/home/sergio/.m2/repository/io/oigres/ecomm/users-service-sdk/0.1.0-SNAPSHOT/users-service-sdk-0.1.0-SNAPSHOT.jar:/home/sergio/.m2/repository/io/oigres/ecomm/users-service-api/0.1.0-SNAPSHOT/users-service-api-0.1.0-SNAPSHOT.jar:/home/sergio/.m2/repository/jakarta/validation/jakarta.validation-api/3.0.2/jakarta.validation-api-3.0.2.jar:/home/sergio/.m2/repository/com/fasterxml/jackson/core/jackson-annotations/2.17.2/jackson-annotations-2.17.2.jar:/home/sergio/.m2/repository/io/swagger/core/v3/swagger-annotations/2.2.22/swagger-annotations-2.2.22.jar:/home/sergio/.m2/repository/io/oigres/ecomm/products-service-sdk/0.1.0-SNAPSHOT/products-service-sdk-0.1.0-SNAPSHOT.jar:/home/sergio/.m2/repository/io/oigres/ecomm/products-service-api/0.1.0-SNAPSHOT/products-service-api-0.1.0-SNAPSHOT.jar:/home/sergio/.m2/repository/io/oigres/ecomm/orders-service-sdk/0.1.0-SNAPSHOT/orders-service-sdk-0.1.0-SNAPSHOT.jar:/home/sergio/.m2/repository/io/oigres/ecomm/orders-service-api/0.1.0-SNAPSHOT/orders-service-api-0.1.0-SNAPSHOT.jar:/home/sergio/.m2/repository/org/springframework/cloud/spring-cloud-starter-circuitbreaker-resilience4j/3.1.2/spring-cloud-starter-circuitbreaker-resilience4j-3.1.2.jar:/home/sergio/.m2/repository/org/springframework/cloud/spring-cloud-starter/4.1.4/spring-cloud-starter-4.1.4.jar:/home/sergio/.m2/repository/org/springframework/cloud/spring-cloud-context/4.1.4/spring-cloud-context-4.1.4.jar:/home/sergio/.m2/repository/org/springframework/security/spring-security-crypto/6.3.1/spring-security-crypto-6.3.1.jar:/home/sergio/.m2/repository/org/springframework/cloud/spring-cloud-commons/4.1.4/spring-cloud-commons-4.1.4.jar:/home/sergio/.m2/repository/org/springframework/security/spring-security-rsa/1.1.3/spring-security-rsa-1.1.3.jar:/home/sergio/.m2/repository/org/bouncycastle/bcprov-jdk18on/1.78/bcprov-jdk18on-1.78.jar:/home/sergio/.m2/repository/org/springframework/cloud/spring-cloud-circuitbreaker-resilience4j/3.1.2/spring-cloud-circuitbreaker-resilience4j-3.1.2.jar:/home/sergio/.m2/repository/io/github/resilience4j/resilience4j-spring-boot3/2.1.0/resilience4j-spring-boot3-2.1.0.jar:/home/sergio/.m2/repository/io/github/resilience4j/resilience4j-spring6/2.1.0/resilience4j-spring6-2.1.0.jar:/home/sergio/.m2/repository/io/github/resilience4j/resilience4j-annotations/2.1.0/resilience4j-annotations-2.1.0.jar:/home/sergio/.m2/repository/io/github/resilience4j/resilience4j-consumer/2.1.0/resilience4j-consumer-2.1.0.jar:/home/sergio/.m2/repository/io/github/resilience4j/resilience4j-circularbuffer/2.1.0/resilience4j-circularbuffer-2.1.0.jar:/home/sergio/.m2/repository/io/github/resilience4j/resilience4j-framework-common/2.1.0/resilience4j-framework-common-2.1.0.jar:/home/sergio/.m2/repository/io/github/resilience4j/resilience4j-micrometer/2.1.0/resilience4j-micrometer-2.1.0.jar:/home/sergio/.m2/repository/io/github/resilience4j/resilience4j-retry/2.1.0/resilience4j-retry-2.1.0.jar:/home/sergio/.m2/repository/io/github/resilience4j/resilience4j-ratelimiter/2.1.0/resilience4j-ratelimiter-2.1.0.jar:/home/sergio/.m2/repository/org/springframework/boot/spring-boot-configuration-processor/3.3.2/spring-boot-configuration-processor-3.3.2.jar:/home/sergio/.m2/repository/io/github/resilience4j/resilience4j-circuitbreaker/2.1.0/resilience4j-circuitbreaker-2.1.0.jar:/home/sergio/.m2/repository/io/github/resilience4j/resilience4j-core/2.1.0/resilience4j-core-2.1.0.jar:/home/sergio/.m2/repository/io/github/resilience4j/resilience4j-timelimiter/2.1.0/resilience4j-timelimiter-2.1.0.jar:/home/sergio/.m2/repository/org/springframework/boot/spring-boot-starter-aop/3.3.2/spring-boot-starter-aop-3.3.2.jar:/home/sergio/.m2/repository/org/springframework/spring-aop/6.1.11/spring-aop-6.1.11.jar:/home/sergio/.m2/repository/org/aspectj/aspectjweaver/1.9.22.1/aspectjweaver-1.9.22.1.jar:/home/sergio/.m2/repository/org/springframework/boot/spring-boot-starter-test/3.3.2/spring-boot-starter-test-3.3.2.jar:/home/sergio/.m2/repository/org/springframework/boot/spring-boot-test/3.3.2/spring-boot-test-3.3.2.jar:/home/sergio/.m2/repository/org/springframework/boot/spring-boot-test-autoconfigure/3.3.2/spring-boot-test-autoconfigure-3.3.2.jar:/home/sergio/.m2/repository/com/jayway/jsonpath/json-path/2.9.0/json-path-2.9.0.jar:/home/sergio/.m2/repository/jakarta/xml/bind/jakarta.xml.bind-api/4.0.2/jakarta.xml.bind-api-4.0.2.jar:/home/sergio/.m2/repository/jakarta/activation/jakarta.activation-api/2.1.3/jakarta.activation-api-2.1.3.jar:/home/sergio/.m2/repository/net/minidev/json-smart/2.5.1/json-smart-2.5.1.jar:/home/sergio/.m2/repository/net/minidev/accessors-smart/2.5.1/accessors-smart-2.5.1.jar:/home/sergio/.m2/repository/org/ow2/asm/asm/9.6/asm-9.6.jar:/home/sergio/.m2/repository/org/assertj/assertj-core/3.25.3/assertj-core-3.25.3.jar:/home/sergio/.m2/repository/net/bytebuddy/byte-buddy/1.14.18/byte-buddy-1.14.18.jar:/home/sergio/.m2/repository/org/awaitility/awaitility/4.2.1/awaitility-4.2.1.jar:/home/sergio/.m2/repository/org/hamcrest/hamcrest/2.2/hamcrest-2.2.jar:/home/sergio/.m2/repository/org/junit/jupiter/junit-jupiter/5.10.3/junit-jupiter-5.10.3.jar:/home/sergio/.m2/repository/org/junit/jupiter/junit-jupiter-engine/5.10.3/junit-jupiter-engine-5.10.3.jar:/home/sergio/.m2/repository/org/mockito/mockito-core/5.11.0/mockito-core-5.11.0.jar:/home/sergio/.m2/repository/net/bytebuddy/byte-buddy-agent/1.14.18/byte-buddy-agent-1.14.18.jar:/home/sergio/.m2/repository/org/objenesis/objenesis/3.3/objenesis-3.3.jar:/home/sergio/.m2/repository/org/mockito/mockito-junit-jupiter/5.11.0/mockito-junit-jupiter-5.11.0.jar:/home/sergio/.m2/repository/org/skyscreamer/jsonassert/1.5.3/jsonassert-1.5.3.jar:/home/sergio/.m2/repository/com/vaadin/external/google/android-json/0.0.20131108.vaadin1/android-json-0.0.20131108.vaadin1.jar:/home/sergio/.m2/repository/org/springframework/spring-core/6.1.11/spring-core-6.1.11.jar:/home/sergio/.m2/repository/org/springframework/spring-jcl/6.1.11/spring-jcl-6.1.11.jar:/home/sergio/.m2/repository/org/springframework/spring-test/6.1.11/spring-test-6.1.11.jar:/home/sergio/.m2/repository/org/xmlunit/xmlunit-core/2.9.1/xmlunit-core-2.9.1.jar:/home/sergio/.m2/repository/org/junit-pioneer/junit-pioneer/2.2.0/junit-pioneer-2.2.0.jar:/home/sergio/.m2/repository/org/junit/jupiter/junit-jupiter-api/5.10.3/junit-jupiter-api-5.10.3.jar:/home/sergio/.m2/repository/org/opentest4j/opentest4j/1.3.0/opentest4j-1.3.0.jar:/home/sergio/.m2/repository/org/junit/platform/junit-platform-commons/1.10.3/junit-platform-commons-1.10.3.jar:/home/sergio/.m2/repository/org/apiguardian/apiguardian-api/1.1.2/apiguardian-api-1.1.2.jar:/home/sergio/.m2/repository/org/junit/jupiter/junit-jupiter-params/5.10.3/junit-jupiter-params-5.10.3.jar:/home/sergio/.m2/repository/org/junit/platform/junit-platform-launcher/1.10.3/junit-platform-launcher-1.10.3.jar:/home/sergio/.m2/repository/org/junit/platform/junit-platform-engine/1.10.3/junit-platform-engine-1.10.3.jar:/home/sergio/.m2/repository/org/springframework/cloud/spring-cloud-starter-contract-stub-runner/4.1.4/spring-cloud-starter-contract-stub-runner-4.1.4.jar:/home/sergio/.m2/repository/org/springframework/cloud/spring-cloud-contract-stub-runner/4.1.4/spring-cloud-contract-stub-runner-4.1.4.jar:/home/sergio/.m2/repository/org/springframework/cloud/spring-cloud-contract-verifier/4.1.4/spring-cloud-contract-verifier-4.1.4.jar:/home/sergio/.m2/repository/org/apache/commons/commons-text/1.11.0/commons-text-1.11.0.jar:/home/sergio/.m2/repository/javax/inject/javax.inject/1/javax.inject-1.jar:/home/sergio/.m2/repository/com/toomuchcoding/jsonassert/jsonassert/0.8.0/jsonassert-0.8.0.jar:/home/sergio/.m2/repository/com/rackspace/eclipse/webtools/sourceediting/org.eclipse.wst.xml.xpath2.processor/2.1.100/org.eclipse.wst.xml.xpath2.processor-2.1.100.jar:/home/sergio/.m2/repository/edu/princeton/cup/java-cup/10k/java-cup-10k.jar:/home/sergio/.m2/repository/com/ibm/icu/icu4j/4.6/icu4j-4.6.jar:/home/sergio/.m2/repository/org/apache/groovy/groovy/4.0.22/groovy-4.0.22.jar:/home/sergio/.m2/repository/org/apache/groovy/groovy-nio/4.0.22/groovy-nio-4.0.22.jar:/home/sergio/.m2/repository/org/apache/groovy/groovy-json/4.0.22/groovy-json-4.0.22.jar:/home/sergio/.m2/repository/org/apache/groovy/groovy-xml/4.0.22/groovy-xml-4.0.22.jar:/home/sergio/.m2/repository/com/github/jknack/handlebars/4.3.1/handlebars-4.3.1.jar:/home/sergio/.m2/repository/commons-beanutils/commons-beanutils/1.9.4/commons-beanutils-1.9.4.jar:/home/sergio/.m2/repository/commons-logging/commons-logging/1.2/commons-logging-1.2.jar:/home/sergio/.m2/repository/commons-collections/commons-collections/3.2.2/commons-collections-3.2.2.jar:/home/sergio/.m2/repository/com/fasterxml/jackson/dataformat/jackson-dataformat-yaml/2.17.2/jackson-dataformat-yaml-2.17.2.jar:/home/sergio/.m2/repository/net/javacrumbs/json-unit/json-unit-assertj/2.38.0/json-unit-assertj-2.38.0.jar:/home/sergio/.m2/repository/net/javacrumbs/json-unit/json-unit-core/2.38.0/json-unit-core-2.38.0.jar:/home/sergio/.m2/repository/org/hamcrest/hamcrest-core/2.2/hamcrest-core-2.2.jar:/home/sergio/.m2/repository/net/javacrumbs/json-unit/json-unit-json-path/2.38.0/json-unit-json-path-2.38.0.jar:/home/sergio/.m2/repository/org/springframework/cloud/spring-cloud-contract-shade/4.1.4/spring-cloud-contract-shade-4.1.4.jar:/home/sergio/.m2/repository/org/springframework/cloud/spring-cloud-contract-converters/4.1.4/spring-cloud-contract-converters-4.1.4.jar:/home/sergio/.m2/repository/org/springframework/cloud/spring-cloud-contract-spec/4.1.4/spring-cloud-contract-spec-4.1.4.jar:/home/sergio/.m2/repository/org/springframework/cloud/spring-cloud-contract-spec-java/4.1.4/spring-cloud-contract-spec-java-4.1.4.jar:/home/sergio/.m2/repository/dk/brics/automaton/1.12-4/automaton-1.12-4.jar:/home/sergio/.m2/repository/org/springframework/cloud/spring-cloud-contract-spec-groovy/4.1.4/spring-cloud-contract-spec-groovy-4.1.4.jar:/home/sergio/.m2/repository/org/eclipse/jgit/org.eclipse.jgit/6.6.1.202309021850-r/org.eclipse.jgit-6.6.1.202309021850-r.jar:/home/sergio/.m2/repository/com/googlecode/javaewah/JavaEWAH/1.2.3/JavaEWAH-1.2.3.jar:/home/sergio/.m2/repository/org/eclipse/jgit/org.eclipse.jgit.ssh.jsch/6.7.0.202309050840-r/org.eclipse.jgit.ssh.jsch-6.7.0.202309050840-r.jar:/home/sergio/.m2/repository/com/jcraft/jsch/0.1.55/jsch-0.1.55.jar:/home/sergio/.m2/repository/com/jcraft/jzlib/1.1.3/jzlib-1.1.3.jar:/home/sergio/.m2/repository/com/jcraft/jsch.agentproxy.sshagent/0.0.9/jsch.agentproxy.sshagent-0.0.9.jar:/home/sergio/.m2/repository/com/jcraft/jsch.agentproxy.core/0.0.9/jsch.agentproxy.core-0.0.9.jar:/home/sergio/.m2/repository/com/jcraft/jsch.agentproxy.jsch/0.0.9/jsch.agentproxy.jsch-0.0.9.jar:/home/sergio/.m2/repository/com/jcraft/jsch.agentproxy.usocket-jna/0.0.9/jsch.agentproxy.usocket-jna-0.0.9.jar:/home/sergio/.m2/repository/net/java/dev/jna/jna/4.1.0/jna-4.1.0.jar:/home/sergio/.m2/repository/net/java/dev/jna/jna-platform/4.1.0/jna-platform-4.1.0.jar:/home/sergio/.m2/repository/org/springframework/cloud/spring-cloud-contract-wiremock/4.1.4/spring-cloud-contract-wiremock-4.1.4.jar:/home/sergio/.m2/repository/com/github/tomakehurst/wiremock-jre8-standalone/2.35.1/wiremock-jre8-standalone-2.35.1.jar:/home/sergio/.m2/repository/org/apache/httpcomponents/client5/httpclient5/5.3.1/httpclient5-5.3.1.jar:/home/sergio/.m2/repository/org/apache/httpcomponents/core5/httpcore5/5.2.5/httpcore5-5.2.5.jar:/home/sergio/.m2/repository/org/apache/httpcomponents/core5/httpcore5-h2/5.2.5/httpcore5-h2-5.2.5.jar:/home/sergio/.m2/repository/org/springframework/cloud/spring-cloud-test-support/4.1.4/spring-cloud-test-support-4.1.4.jar:/home/sergio/.m2/repository/org/apache/maven/resolver/maven-resolver-connector-basic/1.9.16/maven-resolver-connector-basic-1.9.16.jar:/home/sergio/.m2/repository/org/apache/maven/resolver/maven-resolver-spi/1.9.16/maven-resolver-spi-1.9.16.jar:/home/sergio/.m2/repository/org/apache/maven/resolver/maven-resolver-util/1.9.16/maven-resolver-util-1.9.16.jar:/home/sergio/.m2/repository/org/apache/maven/resolver/maven-resolver-impl/1.9.16/maven-resolver-impl-1.9.16.jar:/home/sergio/.m2/repository/org/apache/maven/resolver/maven-resolver-named-locks/1.9.16/maven-resolver-named-locks-1.9.16.jar:/home/sergio/.m2/repository/org/apache/maven/maven-resolver-provider/3.9.5/maven-resolver-provider-3.9.5.jar:/home/sergio/.m2/repository/org/apache/maven/maven-model/3.9.5/maven-model-3.9.5.jar:/home/sergio/.m2/repository/org/apache/maven/maven-model-builder/3.9.5/maven-model-builder-3.9.5.jar:/home/sergio/.m2/repository/org/codehaus/plexus/plexus-interpolation/1.26/plexus-interpolation-1.26.jar:/home/sergio/.m2/repository/org/apache/maven/maven-artifact/3.9.5/maven-artifact-3.9.5.jar:/home/sergio/.m2/repository/org/apache/maven/maven-builder-support/3.9.5/maven-builder-support-3.9.5.jar:/home/sergio/.m2/repository/org/apache/maven/maven-repository-metadata/3.9.5/maven-repository-metadata-3.9.5.jar:/home/sergio/.m2/repository/org/apache/maven/resolver/maven-resolver-transport-http/1.9.16/maven-resolver-transport-http-1.9.16.jar:/home/sergio/.m2/repository/org/apache/httpcomponents/httpclient/4.5.14/httpclient-4.5.14.jar:/home/sergio/.m2/repository/org/apache/httpcomponents/httpcore/4.4.16/httpcore-4.4.16.jar:/home/sergio/.m2/repository/commons-codec/commons-codec/1.16.1/commons-codec-1.16.1.jar:/home/sergio/.m2/repository/org/apache/maven/resolver/maven-resolver-api/1.9.18/maven-resolver-api-1.9.18.jar:/home/sergio/.m2/repository/org/sonatype/sisu/sisu-inject-plexus/2.6.0/sisu-inject-plexus-2.6.0.jar:/home/sergio/.m2/repository/org/codehaus/plexus/plexus-component-annotations/1.5.5/plexus-component-annotations-1.5.5.jar:/home/sergio/.m2/repository/org/codehaus/plexus/plexus-classworlds/2.5.2/plexus-classworlds-2.5.2.jar:/home/sergio/.m2/repository/org/sonatype/sisu/sisu-inject-bean/2.6.0/sisu-inject-bean-2.6.0.jar:/home/sergio/.m2/repository/javax/enterprise/cdi-api/1.0/cdi-api-1.0.jar:/home/sergio/.m2/repository/javax/annotation/jsr250-api/1.0/jsr250-api-1.0.jar:/home/sergio/.m2/repository/org/sonatype/sisu/sisu-guice/3.2.5/sisu-guice-3.2.5-no_aop.jar:/home/sergio/.m2/repository/com/google/guava/guava/16.0.1/guava-16.0.1.jar:/home/sergio/.m2/repository/org/eclipse/sisu/org.eclipse.sisu.inject/0.3.0/org.eclipse.sisu.inject-0.3.0.jar:/home/sergio/.m2/repository/org/eclipse/sisu/org.eclipse.sisu.plexus/0.3.0/org.eclipse.sisu.plexus-0.3.0.jar:/home/sergio/.m2/repository/org/springframework/spring-webflux/6.1.11/spring-webflux-6.1.11.jar:/home/sergio/.m2/repository/org/springframework/spring-beans/6.1.11/spring-beans-6.1.11.jar:/home/sergio/.m2/repository/io/projectreactor/reactor-core/3.6.8/reactor-core-3.6.8.jar:/home/sergio/.m2/repository/org/reactivestreams/reactive-streams/1.0.4/reactive-streams-1.0.4.jar:/home/sergio/.m2/repository/io/projectreactor/netty/reactor-netty-http/1.1.21/reactor-netty-http-1.1.21.jar:/home/sergio/.m2/repository/io/netty/netty-codec-http/4.1.111.Final/netty-codec-http-4.1.111.Final.jar:/home/sergio/.m2/repository/io/netty/netty-buffer/4.1.111.Final/netty-buffer-4.1.111.Final.jar:/home/sergio/.m2/repository/io/netty/netty-codec/4.1.111.Final/netty-codec-4.1.111.Final.jar:/home/sergio/.m2/repository/io/netty/netty-codec-http2/4.1.111.Final/netty-codec-http2-4.1.111.Final.jar:/home/sergio/.m2/repository/io/netty/netty-resolver-dns/4.1.111.Final/netty-resolver-dns-4.1.111.Final.jar:/home/sergio/.m2/repository/io/netty/netty-resolver/4.1.111.Final/netty-resolver-4.1.111.Final.jar:/home/sergio/.m2/repository/io/netty/netty-codec-dns/4.1.111.Final/netty-codec-dns-4.1.111.Final.jar:/home/sergio/.m2/repository/io/netty/netty-resolver-dns-native-macos/4.1.111.Final/netty-resolver-dns-native-macos-4.1.111.Final-osx-x86_64.jar:/home/sergio/.m2/repository/io/netty/netty-resolver-dns-classes-macos/4.1.111.Final/netty-resolver-dns-classes-macos-4.1.111.Final.jar:/home/sergio/.m2/repository/io/netty/netty-transport-native-epoll/4.1.111.Final/netty-transport-native-epoll-4.1.111.Final-linux-x86_64.jar:/home/sergio/.m2/repository/io/netty/netty-transport-native-unix-common/4.1.111.Final/netty-transport-native-unix-common-4.1.111.Final.jar:/home/sergio/.m2/repository/io/netty/netty-transport-classes-epoll/4.1.111.Final/netty-transport-classes-epoll-4.1.111.Final.jar:/home/sergio/.m2/repository/io/projectreactor/netty/reactor-netty-core/1.1.21/reactor-netty-core-1.1.21.jar:/home/sergio/.m2/repository/io/netty/netty-handler-proxy/4.1.111.Final/netty-handler-proxy-4.1.111.Final.jar:/home/sergio/.m2/repository/io/netty/netty-codec-socks/4.1.111.Final/netty-codec-socks-4.1.111.Final.jar:/home/sergio/.m2/repository/com/google/code/gson/gson/2.10.1/gson-2.10.1.jar:/home/sergio/.m2/repository/org/codehaus/mojo/build-helper-maven-plugin/3.6.0/build-helper-maven-plugin-3.6.0.jar:/home/sergio/.m2/repository/org/codehaus/plexus/plexus-utils/4.0.1/plexus-utils-4.0.1.jar:/home/sergio/.m2/repository/org/apache-extras/beanshell/bsh/2.0b6/bsh-2.0b6.jar:/home/sergio/.m2/repository/org/apache/maven/shared/file-management/3.1.0/file-management-3.1.0.jar:/home/sergio/.m2/repository/commons-io/commons-io/2.11.0/commons-io-2.11.0.jar:"/>
    <property name="git.branch" value="main"/>
    <property name="git.build.host" value="Alienware-x15-R2"/>
    <property name="java.vm.vendor" value="Oracle Corporation"/>
    <property name="sun.arch.data.model" value="64"/>
    <property name="git.commit.id" value="a208f2ce796f0f59dfde247dc5b4fd82146cf1f0"/>
    <property name="java.vendor.url" value="https://java.oracle.com/"/>
    <property name="catalina.useNaming" value="false"/>
    <property name="user.timezone" value="America/Argentina/Buenos_Aires"/>
    <property name="org.jboss.logging.provider" value="slf4j"/>
    <property name="java.vm.specification.version" value="21"/>
    <property name="os.name" value="Linux"/>
    <property name="git.commit.author.time" value="2024-09-16T10:21:39-0300"/>
    <property name="sun.java.launcher" value="SUN_STANDARD"/>
    <property name="user.country" value="AR"/>
    <property name="git.build.user.name" value="Sergio Exposito"/>
    <property name="sun.boot.library.path" value="/home/sergio/dev/tools/jdk-21.0.3/lib"/>
    <property name="sun.java.command" value="/home/sergio/dev/projects/e-commerce/admin-bff/target/surefire/surefirebooter-20240918174530568_3.jar /home/sergio/dev/projects/e-commerce/admin-bff/target/surefire 2024-09-18T17-45-30_530-jvmRun1 surefire-20240918174530568_1tmp surefire_0-20240918174530568_2tmp"/>
    <property name="jdk.debug" value="release"/>
    <property name="surefire.test.class.path" value="/home/sergio/dev/projects/e-commerce/admin-bff/target/test-classes:/home/sergio/dev/projects/e-commerce/admin-bff/target/classes:/home/sergio/.m2/repository/org/projectlombok/lombok/1.18.34/lombok-1.18.34.jar:/home/sergio/.m2/repository/org/springframework/boot/spring-boot-starter-web/3.3.2/spring-boot-starter-web-3.3.2.jar:/home/sergio/.m2/repository/org/springframework/boot/spring-boot-starter/3.3.2/spring-boot-starter-3.3.2.jar:/home/sergio/.m2/repository/org/springframework/boot/spring-boot/3.3.2/spring-boot-3.3.2.jar:/home/sergio/.m2/repository/org/springframework/boot/spring-boot-autoconfigure/3.3.2/spring-boot-autoconfigure-3.3.2.jar:/home/sergio/.m2/repository/org/springframework/boot/spring-boot-starter-logging/3.3.2/spring-boot-starter-logging-3.3.2.jar:/home/sergio/.m2/repository/ch/qos/logback/logback-classic/1.5.6/logback-classic-1.5.6.jar:/home/sergio/.m2/repository/ch/qos/logback/logback-core/1.5.6/logback-core-1.5.6.jar:/home/sergio/.m2/repository/org/apache/logging/log4j/log4j-to-slf4j/2.23.1/log4j-to-slf4j-2.23.1.jar:/home/sergio/.m2/repository/org/apache/logging/log4j/log4j-api/2.23.1/log4j-api-2.23.1.jar:/home/sergio/.m2/repository/org/slf4j/jul-to-slf4j/2.0.13/jul-to-slf4j-2.0.13.jar:/home/sergio/.m2/repository/jakarta/annotation/jakarta.annotation-api/2.1.1/jakarta.annotation-api-2.1.1.jar:/home/sergio/.m2/repository/org/yaml/snakeyaml/2.2/snakeyaml-2.2.jar:/home/sergio/.m2/repository/org/springframework/boot/spring-boot-starter-json/3.3.2/spring-boot-starter-json-3.3.2.jar:/home/sergio/.m2/repository/com/fasterxml/jackson/core/jackson-databind/2.17.2/jackson-databind-2.17.2.jar:/home/sergio/.m2/repository/com/fasterxml/jackson/core/jackson-core/2.17.2/jackson-core-2.17.2.jar:/home/sergio/.m2/repository/com/fasterxml/jackson/datatype/jackson-datatype-jdk8/2.17.2/jackson-datatype-jdk8-2.17.2.jar:/home/sergio/.m2/repository/com/fasterxml/jackson/datatype/jackson-datatype-jsr310/2.17.2/jackson-datatype-jsr310-2.17.2.jar:/home/sergio/.m2/repository/com/fasterxml/jackson/module/jackson-module-parameter-names/2.17.2/jackson-module-parameter-names-2.17.2.jar:/home/sergio/.m2/repository/org/springframework/boot/spring-boot-starter-tomcat/3.3.2/spring-boot-starter-tomcat-3.3.2.jar:/home/sergio/.m2/repository/org/apache/tomcat/embed/tomcat-embed-core/10.1.26/tomcat-embed-core-10.1.26.jar:/home/sergio/.m2/repository/org/apache/tomcat/embed/tomcat-embed-websocket/10.1.26/tomcat-embed-websocket-10.1.26.jar:/home/sergio/.m2/repository/org/springframework/spring-web/6.1.11/spring-web-6.1.11.jar:/home/sergio/.m2/repository/org/springframework/spring-webmvc/6.1.11/spring-webmvc-6.1.11.jar:/home/sergio/.m2/repository/org/springframework/spring-context/6.1.11/spring-context-6.1.11.jar:/home/sergio/.m2/repository/org/springframework/spring-expression/6.1.11/spring-expression-6.1.11.jar:/home/sergio/.m2/repository/org/springframework/boot/spring-boot-starter-validation/3.3.2/spring-boot-starter-validation-3.3.2.jar:/home/sergio/.m2/repository/org/apache/tomcat/embed/tomcat-embed-el/10.1.26/tomcat-embed-el-10.1.26.jar:/home/sergio/.m2/repository/org/hibernate/validator/hibernate-validator/8.0.1.Final/hibernate-validator-8.0.1.Final.jar:/home/sergio/.m2/repository/org/jboss/logging/jboss-logging/3.5.3.Final/jboss-logging-3.5.3.Final.jar:/home/sergio/.m2/repository/com/fasterxml/classmate/1.7.0/classmate-1.7.0.jar:/home/sergio/.m2/repository/org/springframework/boot/spring-boot-starter-actuator/3.3.2/spring-boot-starter-actuator-3.3.2.jar:/home/sergio/.m2/repository/org/springframework/boot/spring-boot-actuator-autoconfigure/3.3.2/spring-boot-actuator-autoconfigure-3.3.2.jar:/home/sergio/.m2/repository/org/springframework/boot/spring-boot-actuator/3.3.2/spring-boot-actuator-3.3.2.jar:/home/sergio/.m2/repository/io/micrometer/micrometer-observation/1.13.2/micrometer-observation-1.13.2.jar:/home/sergio/.m2/repository/io/micrometer/micrometer-commons/1.13.2/micrometer-commons-1.13.2.jar:/home/sergio/.m2/repository/io/micrometer/micrometer-jakarta9/1.13.2/micrometer-jakarta9-1.13.2.jar:/home/sergio/.m2/repository/io/micrometer/micrometer-core/1.13.2/micrometer-core-1.13.2.jar:/home/sergio/.m2/repository/org/hdrhistogram/HdrHistogram/2.2.2/HdrHistogram-2.2.2.jar:/home/sergio/.m2/repository/org/latencyutils/LatencyUtils/2.0.3/LatencyUtils-2.0.3.jar:/home/sergio/.m2/repository/org/springdoc/springdoc-openapi-starter-webmvc-ui/2.6.0/springdoc-openapi-starter-webmvc-ui-2.6.0.jar:/home/sergio/.m2/repository/org/springdoc/springdoc-openapi-starter-webmvc-api/2.6.0/springdoc-openapi-starter-webmvc-api-2.6.0.jar:/home/sergio/.m2/repository/org/springdoc/springdoc-openapi-starter-common/2.6.0/springdoc-openapi-starter-common-2.6.0.jar:/home/sergio/.m2/repository/io/swagger/core/v3/swagger-core-jakarta/2.2.22/swagger-core-jakarta-2.2.22.jar:/home/sergio/.m2/repository/org/apache/commons/commons-lang3/3.14.0/commons-lang3-3.14.0.jar:/home/sergio/.m2/repository/io/swagger/core/v3/swagger-annotations-jakarta/2.2.22/swagger-annotations-jakarta-2.2.22.jar:/home/sergio/.m2/repository/io/swagger/core/v3/swagger-models-jakarta/2.2.22/swagger-models-jakarta-2.2.22.jar:/home/sergio/.m2/repository/org/webjars/swagger-ui/5.17.14/swagger-ui-5.17.14.jar:/home/sergio/.m2/repository/org/springframework/boot/spring-boot-starter-cache/3.3.2/spring-boot-starter-cache-3.3.2.jar:/home/sergio/.m2/repository/org/springframework/spring-context-support/6.1.11/spring-context-support-6.1.11.jar:/home/sergio/.m2/repository/org/springframework/boot/spring-boot-starter-data-redis/3.3.2/spring-boot-starter-data-redis-3.3.2.jar:/home/sergio/.m2/repository/io/lettuce/lettuce-core/6.3.2.RELEASE/lettuce-core-6.3.2.RELEASE.jar:/home/sergio/.m2/repository/io/netty/netty-common/4.1.111.Final/netty-common-4.1.111.Final.jar:/home/sergio/.m2/repository/io/netty/netty-handler/4.1.111.Final/netty-handler-4.1.111.Final.jar:/home/sergio/.m2/repository/io/netty/netty-transport/4.1.111.Final/netty-transport-4.1.111.Final.jar:/home/sergio/.m2/repository/org/springframework/data/spring-data-redis/3.3.2/spring-data-redis-3.3.2.jar:/home/sergio/.m2/repository/org/springframework/data/spring-data-keyvalue/3.3.2/spring-data-keyvalue-3.3.2.jar:/home/sergio/.m2/repository/org/springframework/data/spring-data-commons/3.3.2/spring-data-commons-3.3.2.jar:/home/sergio/.m2/repository/org/springframework/spring-tx/6.1.11/spring-tx-6.1.11.jar:/home/sergio/.m2/repository/org/springframework/spring-oxm/6.1.11/spring-oxm-6.1.11.jar:/home/sergio/.m2/repository/io/micrometer/micrometer-tracing-bridge-otel/1.3.2/micrometer-tracing-bridge-otel-1.3.2.jar:/home/sergio/.m2/repository/io/micrometer/micrometer-tracing/1.3.2/micrometer-tracing-1.3.2.jar:/home/sergio/.m2/repository/io/micrometer/context-propagation/1.1.1/context-propagation-1.1.1.jar:/home/sergio/.m2/repository/aopalliance/aopalliance/1.0/aopalliance-1.0.jar:/home/sergio/.m2/repository/org/slf4j/slf4j-api/2.0.9/slf4j-api-2.0.9.jar:/home/sergio/.m2/repository/io/opentelemetry/opentelemetry-api/1.37.0/opentelemetry-api-1.37.0.jar:/home/sergio/.m2/repository/io/opentelemetry/opentelemetry-context/1.37.0/opentelemetry-context-1.37.0.jar:/home/sergio/.m2/repository/io/opentelemetry/semconv/opentelemetry-semconv/1.23.1-alpha/opentelemetry-semconv-1.23.1-alpha.jar:/home/sergio/.m2/repository/io/opentelemetry/opentelemetry-sdk-common/1.37.0/opentelemetry-sdk-common-1.37.0.jar:/home/sergio/.m2/repository/io/opentelemetry/opentelemetry-sdk-trace/1.37.0/opentelemetry-sdk-trace-1.37.0.jar:/home/sergio/.m2/repository/io/opentelemetry/opentelemetry-sdk/1.37.0/opentelemetry-sdk-1.37.0.jar:/home/sergio/.m2/repository/io/opentelemetry/instrumentation/opentelemetry-instrumentation-api-semconv/1.33.4-alpha/opentelemetry-instrumentation-api-semconv-1.33.4-alpha.jar:/home/sergio/.m2/repository/io/opentelemetry/instrumentation/opentelemetry-instrumentation-api/1.33.4/opentelemetry-instrumentation-api-1.33.4.jar:/home/sergio/.m2/repository/io/opentelemetry/opentelemetry-api-incubator/1.39.0-alpha/opentelemetry-api-incubator-1.39.0-alpha.jar:/home/sergio/.m2/repository/io/opentelemetry/opentelemetry-extension-trace-propagators/1.37.0/opentelemetry-extension-trace-propagators-1.37.0.jar:/home/sergio/.m2/repository/io/opentelemetry/opentelemetry-exporter-otlp/1.37.0/opentelemetry-exporter-otlp-1.37.0.jar:/home/sergio/.m2/repository/io/opentelemetry/opentelemetry-sdk-metrics/1.37.0/opentelemetry-sdk-metrics-1.37.0.jar:/home/sergio/.m2/repository/io/opentelemetry/opentelemetry-sdk-logs/1.37.0/opentelemetry-sdk-logs-1.37.0.jar:/home/sergio/.m2/repository/io/opentelemetry/opentelemetry-exporter-otlp-common/1.37.0/opentelemetry-exporter-otlp-common-1.37.0.jar:/home/sergio/.m2/repository/io/opentelemetry/opentelemetry-exporter-common/1.37.0/opentelemetry-exporter-common-1.37.0.jar:/home/sergio/.m2/repository/io/opentelemetry/opentelemetry-exporter-sender-okhttp/1.37.0/opentelemetry-exporter-sender-okhttp-1.37.0.jar:/home/sergio/.m2/repository/com/squareup/okhttp3/okhttp/4.12.0/okhttp-4.12.0.jar:/home/sergio/.m2/repository/com/squareup/okio/okio/3.6.0/okio-3.6.0.jar:/home/sergio/.m2/repository/com/squareup/okio/okio-jvm/3.6.0/okio-jvm-3.6.0.jar:/home/sergio/.m2/repository/org/jetbrains/kotlin/kotlin-stdlib-common/1.9.24/kotlin-stdlib-common-1.9.24.jar:/home/sergio/.m2/repository/org/jetbrains/kotlin/kotlin-stdlib-jdk8/1.9.24/kotlin-stdlib-jdk8-1.9.24.jar:/home/sergio/.m2/repository/org/jetbrains/kotlin/kotlin-stdlib/1.9.24/kotlin-stdlib-1.9.24.jar:/home/sergio/.m2/repository/org/jetbrains/annotations/13.0/annotations-13.0.jar:/home/sergio/.m2/repository/org/jetbrains/kotlin/kotlin-stdlib-jdk7/1.9.24/kotlin-stdlib-jdk7-1.9.24.jar:/home/sergio/.m2/repository/io/opentelemetry/opentelemetry-sdk-extension-autoconfigure-spi/1.37.0/opentelemetry-sdk-extension-autoconfigure-spi-1.37.0.jar:/home/sergio/.m2/repository/io/oigres/ecomm/users-service-sdk/0.1.0-SNAPSHOT/users-service-sdk-0.1.0-SNAPSHOT.jar:/home/sergio/.m2/repository/io/oigres/ecomm/users-service-api/0.1.0-SNAPSHOT/users-service-api-0.1.0-SNAPSHOT.jar:/home/sergio/.m2/repository/jakarta/validation/jakarta.validation-api/3.0.2/jakarta.validation-api-3.0.2.jar:/home/sergio/.m2/repository/com/fasterxml/jackson/core/jackson-annotations/2.17.2/jackson-annotations-2.17.2.jar:/home/sergio/.m2/repository/io/swagger/core/v3/swagger-annotations/2.2.22/swagger-annotations-2.2.22.jar:/home/sergio/.m2/repository/io/oigres/ecomm/products-service-sdk/0.1.0-SNAPSHOT/products-service-sdk-0.1.0-SNAPSHOT.jar:/home/sergio/.m2/repository/io/oigres/ecomm/products-service-api/0.1.0-SNAPSHOT/products-service-api-0.1.0-SNAPSHOT.jar:/home/sergio/.m2/repository/io/oigres/ecomm/orders-service-sdk/0.1.0-SNAPSHOT/orders-service-sdk-0.1.0-SNAPSHOT.jar:/home/sergio/.m2/repository/io/oigres/ecomm/orders-service-api/0.1.0-SNAPSHOT/orders-service-api-0.1.0-SNAPSHOT.jar:/home/sergio/.m2/repository/org/springframework/cloud/spring-cloud-starter-circuitbreaker-resilience4j/3.1.2/spring-cloud-starter-circuitbreaker-resilience4j-3.1.2.jar:/home/sergio/.m2/repository/org/springframework/cloud/spring-cloud-starter/4.1.4/spring-cloud-starter-4.1.4.jar:/home/sergio/.m2/repository/org/springframework/cloud/spring-cloud-context/4.1.4/spring-cloud-context-4.1.4.jar:/home/sergio/.m2/repository/org/springframework/security/spring-security-crypto/6.3.1/spring-security-crypto-6.3.1.jar:/home/sergio/.m2/repository/org/springframework/cloud/spring-cloud-commons/4.1.4/spring-cloud-commons-4.1.4.jar:/home/sergio/.m2/repository/org/springframework/security/spring-security-rsa/1.1.3/spring-security-rsa-1.1.3.jar:/home/sergio/.m2/repository/org/bouncycastle/bcprov-jdk18on/1.78/bcprov-jdk18on-1.78.jar:/home/sergio/.m2/repository/org/springframework/cloud/spring-cloud-circuitbreaker-resilience4j/3.1.2/spring-cloud-circuitbreaker-resilience4j-3.1.2.jar:/home/sergio/.m2/repository/io/github/resilience4j/resilience4j-spring-boot3/2.1.0/resilience4j-spring-boot3-2.1.0.jar:/home/sergio/.m2/repository/io/github/resilience4j/resilience4j-spring6/2.1.0/resilience4j-spring6-2.1.0.jar:/home/sergio/.m2/repository/io/github/resilience4j/resilience4j-annotations/2.1.0/resilience4j-annotations-2.1.0.jar:/home/sergio/.m2/repository/io/github/resilience4j/resilience4j-consumer/2.1.0/resilience4j-consumer-2.1.0.jar:/home/sergio/.m2/repository/io/github/resilience4j/resilience4j-circularbuffer/2.1.0/resilience4j-circularbuffer-2.1.0.jar:/home/sergio/.m2/repository/io/github/resilience4j/resilience4j-framework-common/2.1.0/resilience4j-framework-common-2.1.0.jar:/home/sergio/.m2/repository/io/github/resilience4j/resilience4j-micrometer/2.1.0/resilience4j-micrometer-2.1.0.jar:/home/sergio/.m2/repository/io/github/resilience4j/resilience4j-retry/2.1.0/resilience4j-retry-2.1.0.jar:/home/sergio/.m2/repository/io/github/resilience4j/resilience4j-ratelimiter/2.1.0/resilience4j-ratelimiter-2.1.0.jar:/home/sergio/.m2/repository/org/springframework/boot/spring-boot-configuration-processor/3.3.2/spring-boot-configuration-processor-3.3.2.jar:/home/sergio/.m2/repository/io/github/resilience4j/resilience4j-circuitbreaker/2.1.0/resilience4j-circuitbreaker-2.1.0.jar:/home/sergio/.m2/repository/io/github/resilience4j/resilience4j-core/2.1.0/resilience4j-core-2.1.0.jar:/home/sergio/.m2/repository/io/github/resilience4j/resilience4j-timelimiter/2.1.0/resilience4j-timelimiter-2.1.0.jar:/home/sergio/.m2/repository/org/springframework/boot/spring-boot-starter-aop/3.3.2/spring-boot-starter-aop-3.3.2.jar:/home/sergio/.m2/repository/org/springframework/spring-aop/6.1.11/spring-aop-6.1.11.jar:/home/sergio/.m2/repository/org/aspectj/aspectjweaver/1.9.22.1/aspectjweaver-1.9.22.1.jar:/home/sergio/.m2/repository/org/springframework/boot/spring-boot-starter-test/3.3.2/spring-boot-starter-test-3.3.2.jar:/home/sergio/.m2/repository/org/springframework/boot/spring-boot-test/3.3.2/spring-boot-test-3.3.2.jar:/home/sergio/.m2/repository/org/springframework/boot/spring-boot-test-autoconfigure/3.3.2/spring-boot-test-autoconfigure-3.3.2.jar:/home/sergio/.m2/repository/com/jayway/jsonpath/json-path/2.9.0/json-path-2.9.0.jar:/home/sergio/.m2/repository/jakarta/xml/bind/jakarta.xml.bind-api/4.0.2/jakarta.xml.bind-api-4.0.2.jar:/home/sergio/.m2/repository/jakarta/activation/jakarta.activation-api/2.1.3/jakarta.activation-api-2.1.3.jar:/home/sergio/.m2/repository/net/minidev/json-smart/2.5.1/json-smart-2.5.1.jar:/home/sergio/.m2/repository/net/minidev/accessors-smart/2.5.1/accessors-smart-2.5.1.jar:/home/sergio/.m2/repository/org/ow2/asm/asm/9.6/asm-9.6.jar:/home/sergio/.m2/repository/org/assertj/assertj-core/3.25.3/assertj-core-3.25.3.jar:/home/sergio/.m2/repository/net/bytebuddy/byte-buddy/1.14.18/byte-buddy-1.14.18.jar:/home/sergio/.m2/repository/org/awaitility/awaitility/4.2.1/awaitility-4.2.1.jar:/home/sergio/.m2/repository/org/hamcrest/hamcrest/2.2/hamcrest-2.2.jar:/home/sergio/.m2/repository/org/junit/jupiter/junit-jupiter/5.10.3/junit-jupiter-5.10.3.jar:/home/sergio/.m2/repository/org/junit/jupiter/junit-jupiter-engine/5.10.3/junit-jupiter-engine-5.10.3.jar:/home/sergio/.m2/repository/org/mockito/mockito-core/5.11.0/mockito-core-5.11.0.jar:/home/sergio/.m2/repository/net/bytebuddy/byte-buddy-agent/1.14.18/byte-buddy-agent-1.14.18.jar:/home/sergio/.m2/repository/org/objenesis/objenesis/3.3/objenesis-3.3.jar:/home/sergio/.m2/repository/org/mockito/mockito-junit-jupiter/5.11.0/mockito-junit-jupiter-5.11.0.jar:/home/sergio/.m2/repository/org/skyscreamer/jsonassert/1.5.3/jsonassert-1.5.3.jar:/home/sergio/.m2/repository/com/vaadin/external/google/android-json/0.0.20131108.vaadin1/android-json-0.0.20131108.vaadin1.jar:/home/sergio/.m2/repository/org/springframework/spring-core/6.1.11/spring-core-6.1.11.jar:/home/sergio/.m2/repository/org/springframework/spring-jcl/6.1.11/spring-jcl-6.1.11.jar:/home/sergio/.m2/repository/org/springframework/spring-test/6.1.11/spring-test-6.1.11.jar:/home/sergio/.m2/repository/org/xmlunit/xmlunit-core/2.9.1/xmlunit-core-2.9.1.jar:/home/sergio/.m2/repository/org/junit-pioneer/junit-pioneer/2.2.0/junit-pioneer-2.2.0.jar:/home/sergio/.m2/repository/org/junit/jupiter/junit-jupiter-api/5.10.3/junit-jupiter-api-5.10.3.jar:/home/sergio/.m2/repository/org/opentest4j/opentest4j/1.3.0/opentest4j-1.3.0.jar:/home/sergio/.m2/repository/org/junit/platform/junit-platform-commons/1.10.3/junit-platform-commons-1.10.3.jar:/home/sergio/.m2/repository/org/apiguardian/apiguardian-api/1.1.2/apiguardian-api-1.1.2.jar:/home/sergio/.m2/repository/org/junit/jupiter/junit-jupiter-params/5.10.3/junit-jupiter-params-5.10.3.jar:/home/sergio/.m2/repository/org/junit/platform/junit-platform-launcher/1.10.3/junit-platform-launcher-1.10.3.jar:/home/sergio/.m2/repository/org/junit/platform/junit-platform-engine/1.10.3/junit-platform-engine-1.10.3.jar:/home/sergio/.m2/repository/org/springframework/cloud/spring-cloud-starter-contract-stub-runner/4.1.4/spring-cloud-starter-contract-stub-runner-4.1.4.jar:/home/sergio/.m2/repository/org/springframework/cloud/spring-cloud-contract-stub-runner/4.1.4/spring-cloud-contract-stub-runner-4.1.4.jar:/home/sergio/.m2/repository/org/springframework/cloud/spring-cloud-contract-verifier/4.1.4/spring-cloud-contract-verifier-4.1.4.jar:/home/sergio/.m2/repository/org/apache/commons/commons-text/1.11.0/commons-text-1.11.0.jar:/home/sergio/.m2/repository/javax/inject/javax.inject/1/javax.inject-1.jar:/home/sergio/.m2/repository/com/toomuchcoding/jsonassert/jsonassert/0.8.0/jsonassert-0.8.0.jar:/home/sergio/.m2/repository/com/rackspace/eclipse/webtools/sourceediting/org.eclipse.wst.xml.xpath2.processor/2.1.100/org.eclipse.wst.xml.xpath2.processor-2.1.100.jar:/home/sergio/.m2/repository/edu/princeton/cup/java-cup/10k/java-cup-10k.jar:/home/sergio/.m2/repository/com/ibm/icu/icu4j/4.6/icu4j-4.6.jar:/home/sergio/.m2/repository/org/apache/groovy/groovy/4.0.22/groovy-4.0.22.jar:/home/sergio/.m2/repository/org/apache/groovy/groovy-nio/4.0.22/groovy-nio-4.0.22.jar:/home/sergio/.m2/repository/org/apache/groovy/groovy-json/4.0.22/groovy-json-4.0.22.jar:/home/sergio/.m2/repository/org/apache/groovy/groovy-xml/4.0.22/groovy-xml-4.0.22.jar:/home/sergio/.m2/repository/com/github/jknack/handlebars/4.3.1/handlebars-4.3.1.jar:/home/sergio/.m2/repository/commons-beanutils/commons-beanutils/1.9.4/commons-beanutils-1.9.4.jar:/home/sergio/.m2/repository/commons-logging/commons-logging/1.2/commons-logging-1.2.jar:/home/sergio/.m2/repository/commons-collections/commons-collections/3.2.2/commons-collections-3.2.2.jar:/home/sergio/.m2/repository/com/fasterxml/jackson/dataformat/jackson-dataformat-yaml/2.17.2/jackson-dataformat-yaml-2.17.2.jar:/home/sergio/.m2/repository/net/javacrumbs/json-unit/json-unit-assertj/2.38.0/json-unit-assertj-2.38.0.jar:/home/sergio/.m2/repository/net/javacrumbs/json-unit/json-unit-core/2.38.0/json-unit-core-2.38.0.jar:/home/sergio/.m2/repository/org/hamcrest/hamcrest-core/2.2/hamcrest-core-2.2.jar:/home/sergio/.m2/repository/net/javacrumbs/json-unit/json-unit-json-path/2.38.0/json-unit-json-path-2.38.0.jar:/home/sergio/.m2/repository/org/springframework/cloud/spring-cloud-contract-shade/4.1.4/spring-cloud-contract-shade-4.1.4.jar:/home/sergio/.m2/repository/org/springframework/cloud/spring-cloud-contract-converters/4.1.4/spring-cloud-contract-converters-4.1.4.jar:/home/sergio/.m2/repository/org/springframework/cloud/spring-cloud-contract-spec/4.1.4/spring-cloud-contract-spec-4.1.4.jar:/home/sergio/.m2/repository/org/springframework/cloud/spring-cloud-contract-spec-java/4.1.4/spring-cloud-contract-spec-java-4.1.4.jar:/home/sergio/.m2/repository/dk/brics/automaton/1.12-4/automaton-1.12-4.jar:/home/sergio/.m2/repository/org/springframework/cloud/spring-cloud-contract-spec-groovy/4.1.4/spring-cloud-contract-spec-groovy-4.1.4.jar:/home/sergio/.m2/repository/org/eclipse/jgit/org.eclipse.jgit/6.6.1.202309021850-r/org.eclipse.jgit-6.6.1.202309021850-r.jar:/home/sergio/.m2/repository/com/googlecode/javaewah/JavaEWAH/1.2.3/JavaEWAH-1.2.3.jar:/home/sergio/.m2/repository/org/eclipse/jgit/org.eclipse.jgit.ssh.jsch/6.7.0.202309050840-r/org.eclipse.jgit.ssh.jsch-6.7.0.202309050840-r.jar:/home/sergio/.m2/repository/com/jcraft/jsch/0.1.55/jsch-0.1.55.jar:/home/sergio/.m2/repository/com/jcraft/jzlib/1.1.3/jzlib-1.1.3.jar:/home/sergio/.m2/repository/com/jcraft/jsch.agentproxy.sshagent/0.0.9/jsch.agentproxy.sshagent-0.0.9.jar:/home/sergio/.m2/repository/com/jcraft/jsch.agentproxy.core/0.0.9/jsch.agentproxy.core-0.0.9.jar:/home/sergio/.m2/repository/com/jcraft/jsch.agentproxy.jsch/0.0.9/jsch.agentproxy.jsch-0.0.9.jar:/home/sergio/.m2/repository/com/jcraft/jsch.agentproxy.usocket-jna/0.0.9/jsch.agentproxy.usocket-jna-0.0.9.jar:/home/sergio/.m2/repository/net/java/dev/jna/jna/4.1.0/jna-4.1.0.jar:/home/sergio/.m2/repository/net/java/dev/jna/jna-platform/4.1.0/jna-platform-4.1.0.jar:/home/sergio/.m2/repository/org/springframework/cloud/spring-cloud-contract-wiremock/4.1.4/spring-cloud-contract-wiremock-4.1.4.jar:/home/sergio/.m2/repository/com/github/tomakehurst/wiremock-jre8-standalone/2.35.1/wiremock-jre8-standalone-2.35.1.jar:/home/sergio/.m2/repository/org/apache/httpcomponents/client5/httpclient5/5.3.1/httpclient5-5.3.1.jar:/home/sergio/.m2/repository/org/apache/httpcomponents/core5/httpcore5/5.2.5/httpcore5-5.2.5.jar:/home/sergio/.m2/repository/org/apache/httpcomponents/core5/httpcore5-h2/5.2.5/httpcore5-h2-5.2.5.jar:/home/sergio/.m2/repository/org/springframework/cloud/spring-cloud-test-support/4.1.4/spring-cloud-test-support-4.1.4.jar:/home/sergio/.m2/repository/org/apache/maven/resolver/maven-resolver-connector-basic/1.9.16/maven-resolver-connector-basic-1.9.16.jar:/home/sergio/.m2/repository/org/apache/maven/resolver/maven-resolver-spi/1.9.16/maven-resolver-spi-1.9.16.jar:/home/sergio/.m2/repository/org/apache/maven/resolver/maven-resolver-util/1.9.16/maven-resolver-util-1.9.16.jar:/home/sergio/.m2/repository/org/apache/maven/resolver/maven-resolver-impl/1.9.16/maven-resolver-impl-1.9.16.jar:/home/sergio/.m2/repository/org/apache/maven/resolver/maven-resolver-named-locks/1.9.16/maven-resolver-named-locks-1.9.16.jar:/home/sergio/.m2/repository/org/apache/maven/maven-resolver-provider/3.9.5/maven-resolver-provider-3.9.5.jar:/home/sergio/.m2/repository/org/apache/maven/maven-model/3.9.5/maven-model-3.9.5.jar:/home/sergio/.m2/repository/org/apache/maven/maven-model-builder/3.9.5/maven-model-builder-3.9.5.jar:/home/sergio/.m2/repository/org/codehaus/plexus/plexus-interpolation/1.26/plexus-interpolation-1.26.jar:/home/sergio/.m2/repository/org/apache/maven/maven-artifact/3.9.5/maven-artifact-3.9.5.jar:/home/sergio/.m2/repository/org/apache/maven/maven-builder-support/3.9.5/maven-builder-support-3.9.5.jar:/home/sergio/.m2/repository/org/apache/maven/maven-repository-metadata/3.9.5/maven-repository-metadata-3.9.5.jar:/home/sergio/.m2/repository/org/apache/maven/resolver/maven-resolver-transport-http/1.9.16/maven-resolver-transport-http-1.9.16.jar:/home/sergio/.m2/repository/org/apache/httpcomponents/httpclient/4.5.14/httpclient-4.5.14.jar:/home/sergio/.m2/repository/org/apache/httpcomponents/httpcore/4.4.16/httpcore-4.4.16.jar:/home/sergio/.m2/repository/commons-codec/commons-codec/1.16.1/commons-codec-1.16.1.jar:/home/sergio/.m2/repository/org/apache/maven/resolver/maven-resolver-api/1.9.18/maven-resolver-api-1.9.18.jar:/home/sergio/.m2/repository/org/sonatype/sisu/sisu-inject-plexus/2.6.0/sisu-inject-plexus-2.6.0.jar:/home/sergio/.m2/repository/org/codehaus/plexus/plexus-component-annotations/1.5.5/plexus-component-annotations-1.5.5.jar:/home/sergio/.m2/repository/org/codehaus/plexus/plexus-classworlds/2.5.2/plexus-classworlds-2.5.2.jar:/home/sergio/.m2/repository/org/sonatype/sisu/sisu-inject-bean/2.6.0/sisu-inject-bean-2.6.0.jar:/home/sergio/.m2/repository/javax/enterprise/cdi-api/1.0/cdi-api-1.0.jar:/home/sergio/.m2/repository/javax/annotation/jsr250-api/1.0/jsr250-api-1.0.jar:/home/sergio/.m2/repository/org/sonatype/sisu/sisu-guice/3.2.5/sisu-guice-3.2.5-no_aop.jar:/home/sergio/.m2/repository/com/google/guava/guava/16.0.1/guava-16.0.1.jar:/home/sergio/.m2/repository/org/eclipse/sisu/org.eclipse.sisu.inject/0.3.0/org.eclipse.sisu.inject-0.3.0.jar:/home/sergio/.m2/repository/org/eclipse/sisu/org.eclipse.sisu.plexus/0.3.0/org.eclipse.sisu.plexus-0.3.0.jar:/home/sergio/.m2/repository/org/springframework/spring-webflux/6.1.11/spring-webflux-6.1.11.jar:/home/sergio/.m2/repository/org/springframework/spring-beans/6.1.11/spring-beans-6.1.11.jar:/home/sergio/.m2/repository/io/projectreactor/reactor-core/3.6.8/reactor-core-3.6.8.jar:/home/sergio/.m2/repository/org/reactivestreams/reactive-streams/1.0.4/reactive-streams-1.0.4.jar:/home/sergio/.m2/repository/io/projectreactor/netty/reactor-netty-http/1.1.21/reactor-netty-http-1.1.21.jar:/home/sergio/.m2/repository/io/netty/netty-codec-http/4.1.111.Final/netty-codec-http-4.1.111.Final.jar:/home/sergio/.m2/repository/io/netty/netty-buffer/4.1.111.Final/netty-buffer-4.1.111.Final.jar:/home/sergio/.m2/repository/io/netty/netty-codec/4.1.111.Final/netty-codec-4.1.111.Final.jar:/home/sergio/.m2/repository/io/netty/netty-codec-http2/4.1.111.Final/netty-codec-http2-4.1.111.Final.jar:/home/sergio/.m2/repository/io/netty/netty-resolver-dns/4.1.111.Final/netty-resolver-dns-4.1.111.Final.jar:/home/sergio/.m2/repository/io/netty/netty-resolver/4.1.111.Final/netty-resolver-4.1.111.Final.jar:/home/sergio/.m2/repository/io/netty/netty-codec-dns/4.1.111.Final/netty-codec-dns-4.1.111.Final.jar:/home/sergio/.m2/repository/io/netty/netty-resolver-dns-native-macos/4.1.111.Final/netty-resolver-dns-native-macos-4.1.111.Final-osx-x86_64.jar:/home/sergio/.m2/repository/io/netty/netty-resolver-dns-classes-macos/4.1.111.Final/netty-resolver-dns-classes-macos-4.1.111.Final.jar:/home/sergio/.m2/repository/io/netty/netty-transport-native-epoll/4.1.111.Final/netty-transport-native-epoll-4.1.111.Final-linux-x86_64.jar:/home/sergio/.m2/repository/io/netty/netty-transport-native-unix-common/4.1.111.Final/netty-transport-native-unix-common-4.1.111.Final.jar:/home/sergio/.m2/repository/io/netty/netty-transport-classes-epoll/4.1.111.Final/netty-transport-classes-epoll-4.1.111.Final.jar:/home/sergio/.m2/repository/io/projectreactor/netty/reactor-netty-core/1.1.21/reactor-netty-core-1.1.21.jar:/home/sergio/.m2/repository/io/netty/netty-handler-proxy/4.1.111.Final/netty-handler-proxy-4.1.111.Final.jar:/home/sergio/.m2/repository/io/netty/netty-codec-socks/4.1.111.Final/netty-codec-socks-4.1.111.Final.jar:/home/sergio/.m2/repository/com/google/code/gson/gson/2.10.1/gson-2.10.1.jar:/home/sergio/.m2/repository/org/codehaus/mojo/build-helper-maven-plugin/3.6.0/build-helper-maven-plugin-3.6.0.jar:/home/sergio/.m2/repository/org/codehaus/plexus/plexus-utils/4.0.1/plexus-utils-4.0.1.jar:/home/sergio/.m2/repository/org/apache-extras/beanshell/bsh/2.0b6/bsh-2.0b6.jar:/home/sergio/.m2/repository/org/apache/maven/shared/file-management/3.1.0/file-management-3.1.0.jar:/home/sergio/.m2/repository/commons-io/commons-io/2.11.0/commons-io-2.11.0.jar:"/>
    <property name="sun.cpu.endian" value="little"/>
    <property name="user.home" value="/home/sergio"/>
    <property name="user.language" value="es"/>
    <property name="git.closest.tag.commit.count" value=""/>
    <property name="java.specification.vendor" value="Oracle Corporation"/>
    <property name="reactor.schedulers.defaultBoundedElasticOnVirtualThreads" value="true"/>
    <property name="java.version.date" value="2024-04-16"/>
    <property name="java.home" value="/home/sergio/dev/tools/jdk-21.0.3"/>
    <property name="git.total.commit.count" value="3"/>
    <property name="file.separator" value="/"/>
    <property name="basedir" value="/home/sergio/dev/projects/e-commerce/admin-bff"/>
    <property name="java.vm.compressedOopsMode" value="Zero based"/>
    <property name="line.separator" value="&#10;"/>
    <property name="git.commit.committer.time" value="2024-09-16T10:21:39-0300"/>
    <property name="git.build.user.email" value="sjexpos@gmail.com"/>
    <property name="java.vm.specification.vendor" value="Oracle Corporation"/>
    <property name="java.specification.name" value="Java Platform API Specification"/>
    <property name="FILE_LOG_CHARSET" value="UTF-8"/>
    <property name="java.awt.headless" value="true"/>
    <property name="git.closest.tag.name" value=""/>
    <property name="git.local.branch.ahead" value="0"/>
    <property name="git.build.time" value="2024-09-18T17:45:26-0300"/>
    <property name="surefire.real.class.path" value="/home/sergio/dev/projects/e-commerce/admin-bff/target/surefire/surefirebooter-20240918174530568_3.jar"/>
    <property name="git.commit.message.full" value="Add CI dependencies"/>
    <property name="sun.management.compiler" value="HotSpot 64-Bit Tiered Compilers"/>
    <property name="java.runtime.version" value="21.0.3+7-LTS-152"/>
    <property name="LOG_CORRELATION_PATTERN" value="%correlationId"/>
    <property name="user.name" value="sergio"/>
    <property name="stdout.encoding" value="UTF-8"/>
    <property name="path.separator" value=":"/>
    <property name="os.version" value="6.8.0-40-generic"/>
    <property name="java.runtime.name" value="Java(TM) SE Runtime Environment"/>
    <property name="file.encoding" value="UTF-8"/>
    <property name="git.commit.user.email" value="sjexpos@gmail.com"/>
    <property name="java.vm.name" value="Java HotSpot(TM) 64-Bit Server VM"/>
    <property name="git.local.branch.behind" value="0"/>
    <property name="git.dirty" value="true"/>
    <property name="localRepository" value="/home/sergio/.m2/repository"/>
    <property name="javax.xml.xpath.XPathFactory:http://java.sun.com/jaxp/xpath/dom" value="com.sun.org.apache.xpath.internal.jaxp.XPathFactoryImpl"/>
    <property name="java.vendor.url.bug" value="https://bugreport.java.com/bugreport/"/>
    <property name="jetty.git.hash" value="4231a3b2e4cb8548a412a789936d640a97b1aa0a"/>
    <property name="java.io.tmpdir" value="/tmp"/>
    <property name="wiremock.org.eclipse.jetty.http.HttpGenerator.STRICT" value="true"/>
    <property name="catalina.home" value="/tmp/tomcat.0.13033920365878846775"/>
    <property name="java.version" value="21.0.3"/>
    <property name="user.dir" value="/home/sergio/dev/projects/e-commerce/admin-bff"/>
    <property name="os.arch" value="amd64"/>
    <property name="git.commit.user.name" value="Sergio Exposito"/>
    <property name="git.commit.id.abbrev" value="a208f2c"/>
    <property name="java.vm.specification.name" value="Java Virtual Machine Specification"/>
    <property name="PID" value="87453"/>
    <property name="git.commit.id.describe-short" value="a208f2c-dirty"/>
    <property name="CONSOLE_LOG_CHARSET" value="UTF-8"/>
    <property name="git.commit.id.describe" value="a208f2c-dirty"/>
    <property name="catalina.base" value="/tmp/tomcat.0.11249932903727805941"/>
    <property name="native.encoding" value="UTF-8"/>
    <property name="java.library.path" value="/usr/java/packages/lib:/usr/lib64:/lib64:/lib:/usr/lib"/>
    <property name="git.commit.message.short" value="Add CI dependencies"/>
    <property name="java.vm.info" value="mixed mode, sharing"/>
    <property name="stderr.encoding" value="UTF-8"/>
    <property name="java.vendor" value="Oracle Corporation"/>
    <property name="java.vm.version" value="21.0.3+7-LTS-152"/>
    <property name="sun.io.unicode.encoding" value="UnicodeLittle"/>
    <property name="javax.xml.transform.TransformerFactory" value="com.sun.org.apache.xalan.internal.xsltc.trax.TransformerFactoryImpl"/>
    <property name="java.class.version" value="65.0"/>
    <property name="CONSOLE_LOG_PATTERN" value="%clr(%d{yyyy-MM-dd HH:mm:ss.SSS}){faint} %clr(%-5p) [admin-bff] [%clr(%15.15t){faint}] [%clr(%32X{traceId}-%16X{spanId}){blue}] %clr(%40.40logger{5.10}:%-4L){cyan} : %m %n"/>
    <property name="git.commit.time" value="2024-09-16T10:21:39-0300"/>
    <property name="LOGGED_APPLICATION_NAME" value="[admin-bff] "/>
    <property name="git.remote.origin.url" value="git@github.com:sjexpos/ecomm-admin-bff.git"/>
  </properties>
  <testcase name="testGetAllCategories_circuit_braker" classname="io.oigres.ecomm.bff.admin.usecases.categories.list.ListCategoriesUseCaseTest" time="2.72">
    <system-out><![CDATA[17:45:30.963 [main] INFO org.springframework.test.context.support.AnnotationConfigContextLoaderUtils -- Could not detect default configuration classes for test class [io.oigres.ecomm.bff.admin.usecases.categories.list.ListCategoriesUseCaseTest]: ListCategoriesUseCaseTest does not declare any static, non-private, non-final, nested classes annotated with @Configuration.
17:45:31.016 [main] INFO org.springframework.boot.test.context.SpringBootTestContextBootstrapper -- Found @SpringBootConfiguration io.oigres.ecomm.bff.admin.Bootstrap for test class io.oigres.ecomm.bff.admin.usecases.categories.list.ListCategoriesUseCaseTest

  .   ____          _            __ _ _
 /\\ / ___'_ __ _ _(_)_ __  __ _ \ \ \ \
( ( )\___ | '_ | '_| | '_ \/ _` | \ \ \ \
 \\/  ___)| |_)| | | | | || (_| |  ) ) ) )
  '  |____| .__|_| |_|_| |_\__, | / / / /
 =========|_|==============|___/=/_/_/_/

 :: Spring Boot ::                (v3.3.2)

2024-09-18 17:45:31.590 INFO  [admin-bff] [           main] [                                -                ] ategories.list.ListCategoriesUseCaseTest:50   : Starting ListCategoriesUseCaseTest using Java 21.0.3 with PID 87453 (started by sergio in /home/sergio/dev/projects/e-commerce/admin-bff) 
2024-09-18 17:45:31.591 INFO  [admin-bff] [           main] [                                -                ] ategories.list.ListCategoriesUseCaseTest:654  : No active profile set, falling back to 1 default profile: "default" 
2024-09-18 17:45:32.281 INFO  [admin-bff] [           main] [                                -                ] y.config.RepositoryConfigurationDelegate:295  : Multiple Spring Data modules found, entering strict repository configuration mode 
2024-09-18 17:45:32.283 INFO  [admin-bff] [           main] [                                -                ] y.config.RepositoryConfigurationDelegate:143  : Bootstrapping Spring Data Redis repositories in DEFAULT mode. 
2024-09-18 17:45:32.301 INFO  [admin-bff] [           main] [                                -                ] y.config.RepositoryConfigurationDelegate:211  : Finished Spring Data repository scanning in 11 ms. Found 0 Redis repository interfaces. 
2024-09-18 17:45:32.450 INFO  [admin-bff] [           main] [                                -                ] amework.cloud.context.scope.GenericScope:282  : BeanFactory id=492e2b8e-62ee-357a-b71f-854529ca715b 
2024-09-18 17:45:32.937 INFO  [admin-bff] [           main] [                                -                ] boot.web.embedded.tomcat.TomcatWebServer:111  : Tomcat initialized with port 0 (http) 
2024-09-18 17:45:32.945 INFO  [admin-bff] [           main] [                                -                ] org.apache.catalina.core.StandardService:173  : Starting service [Tomcat] 
2024-09-18 17:45:32.945 INFO  [admin-bff] [           main] [                                -                ]  org.apache.catalina.core.StandardEngine:173  : Starting Servlet engine: [Apache Tomcat/10.1.26] 
2024-09-18 17:45:32.982 INFO  [admin-bff] [           main] [                                -                ] e.ContainerBase.[Tomcat].[localhost].[/]:173  : Initializing Spring embedded WebApplicationContext 
2024-09-18 17:45:32.983 INFO  [admin-bff] [           main] [                                -                ] ntext.ServletWebServerApplicationContext:296  : Root WebApplicationContext: initialization completed in 1270 ms 
2024-09-18 17:45:34.678 INFO  [admin-bff] [           main] [                                -                ] boot.web.embedded.tomcat.TomcatWebServer:243  : Tomcat started on port 38119 (http) with context path '/' 
2024-09-18 17:45:34.754 INFO  [admin-bff] [           main] [                                -                ] boot.web.embedded.tomcat.TomcatWebServer:111  : Tomcat initialized with port 0 (http) 
2024-09-18 17:45:34.755 INFO  [admin-bff] [           main] [                                -                ] org.apache.catalina.core.StandardService:173  : Starting service [Tomcat] 
2024-09-18 17:45:34.755 INFO  [admin-bff] [           main] [                                -                ]  org.apache.catalina.core.StandardEngine:173  : Starting Servlet engine: [Apache Tomcat/10.1.26] 
2024-09-18 17:45:34.766 INFO  [admin-bff] [           main] [                                -                ] ContainerBase.[Tomcat-1].[localhost].[/]:173  : Initializing Spring embedded WebApplicationContext 
2024-09-18 17:45:34.766 INFO  [admin-bff] [           main] [                                -                ] ntext.ServletWebServerApplicationContext:296  : Root WebApplicationContext: initialization completed in 51 ms 
2024-09-18 17:45:34.775 INFO  [admin-bff] [           main] [                                -                ] tuate.endpoint.web.EndpointLinksResolver:60   : Exposing 6 endpoints beneath base path '/actuator' 
2024-09-18 17:45:34.798 INFO  [admin-bff] [           main] [                                -                ] boot.web.embedded.tomcat.TomcatWebServer:243  : Tomcat started on port 34521 (http) with context path '/' 
2024-09-18 17:45:34.845 INFO  [admin-bff] [           main] [                                -                ] ategories.list.ListCategoriesUseCaseTest:56   : Started ListCategoriesUseCaseTest in 3.47 seconds (process running for 4.252) 
2024-09-18 17:45:34.889 INFO  [admin-bff] [           main] [                                -                ] admin.config.ApplicationReadyInitializer:28   :  
2024-09-18 17:45:34.889 INFO  [admin-bff] [           main] [                                -                ] admin.config.ApplicationReadyInitializer:29   : ******************************************************************** 
2024-09-18 17:45:34.889 INFO  [admin-bff] [           main] [                                -                ] admin.config.ApplicationReadyInitializer:30   :  ADMIN BFF STARTED 
2024-09-18 17:45:34.889 INFO  [admin-bff] [           main] [                                -                ] admin.config.ApplicationReadyInitializer:31   : ******************************************************************** 
2024-09-18 17:45:34.889 INFO  [admin-bff] [           main] [                                -                ] admin.config.ApplicationReadyInitializer:32   : Default Charset: UTF-8 
2024-09-18 17:45:34.890 INFO  [admin-bff] [           main] [                                -                ] admin.config.ApplicationReadyInitializer:33   : File Encoding:   UTF-8 
2024-09-18 17:45:34.890 INFO  [admin-bff] [           main] [                                -                ] admin.config.ApplicationReadyInitializer:34   : Server time:     2024-09-18T17:45:34.890484818-03:00[America/Argentina/Buenos_Aires] 
2024-09-18 17:45:34.890 INFO  [admin-bff] [           main] [                                -                ] admin.config.ApplicationReadyInitializer:36   : ----------------------- JVM memory ---------------------- 
2024-09-18 17:45:34.892 INFO  [admin-bff] [           main] [                                -                ] admin.config.ApplicationReadyInitializer:37   : Max Heap size: 7 GB 
2024-09-18 17:45:34.893 INFO  [admin-bff] [           main] [                                -                ] admin.config.ApplicationReadyInitializer:38   : Initial Heap size: 500 MB 
2024-09-18 17:45:34.893 INFO  [admin-bff] [           main] [                                -                ] admin.config.ApplicationReadyInitializer:39   : Heap usage: 128 MB 
2024-09-18 17:45:34.893 INFO  [admin-bff] [           main] [                                -                ] admin.config.ApplicationReadyInitializer:40   : URL: http://localhost:4318/v1/traces 
2024-09-18 17:45:34.893 INFO  [admin-bff] [           main] [                                -                ] admin.config.ApplicationReadyInitializer:41   : ------------------------ Users service ---------------------- 
2024-09-18 17:45:34.893 INFO  [admin-bff] [           main] [                                -                ] admin.config.ApplicationReadyInitializer:42   : URL: http://localhost:20001 
2024-09-18 17:45:34.893 INFO  [admin-bff] [           main] [                                -                ] admin.config.ApplicationReadyInitializer:43   : ----------------------- Products service ---------------------- 
2024-09-18 17:45:34.893 INFO  [admin-bff] [           main] [                                -                ] admin.config.ApplicationReadyInitializer:44   : URL: http://localhost:20002 
2024-09-18 17:45:34.893 INFO  [admin-bff] [           main] [                                -                ] admin.config.ApplicationReadyInitializer:45   : ******************************************************************** 
2024-09-18 17:45:34.894 INFO  [admin-bff] [           main] [                                -                ] admin.config.ApplicationReadyInitializer:46   :  
2024-09-18 17:45:35.536 INFO  [admin-bff] [           main] [                                -                ] org.apache.catalina.core.StandardService:173  : Stopping service [Tomcat] 
]]></system-out>
    <system-err><![CDATA[WARNING: A Java agent has been loaded dynamically (/home/sergio/.m2/repository/net/bytebuddy/byte-buddy-agent/1.14.18/byte-buddy-agent-1.14.18.jar)
WARNING: If a serviceability tool is in use, please run with -XX:+EnableDynamicAgentLoading to hide this warning
WARNING: If a serviceability tool is not in use, please run with -Djdk.instrument.traceUsage for more information
WARNING: Dynamic loading of agents will be disallowed by default in a future release
]]></system-err>
  </testcase>
  <testcase name="test_get_all_categories_empty_response" classname="io.oigres.ecomm.bff.admin.usecases.categories.list.ListCategoriesUseCaseTest" time="2.117">
    <system-out><![CDATA[
  .   ____          _            __ _ _
 /\\ / ___'_ __ _ _(_)_ __  __ _ \ \ \ \
( ( )\___ | '_ | '_| | '_ \/ _` | \ \ \ \
 \\/  ___)| |_)| | | | | || (_| |  ) ) ) )
  '  |____| .__|_| |_|_| |_\__, | / / / /
 =========|_|==============|___/=/_/_/_/

 :: Spring Boot ::                (v3.3.2)

2024-09-18 17:45:37.687 INFO  [admin-bff] [           main] [                                -                ] ategories.list.ListCategoriesUseCaseTest:50   : Starting ListCategoriesUseCaseTest using Java 21.0.3 with PID 87453 (started by sergio in /home/sergio/dev/projects/e-commerce/admin-bff) 
2024-09-18 17:45:37.687 INFO  [admin-bff] [           main] [                                -                ] ategories.list.ListCategoriesUseCaseTest:654  : No active profile set, falling back to 1 default profile: "default" 
2024-09-18 17:45:37.830 INFO  [admin-bff] [           main] [                                -                ] y.config.RepositoryConfigurationDelegate:295  : Multiple Spring Data modules found, entering strict repository configuration mode 
2024-09-18 17:45:37.830 INFO  [admin-bff] [           main] [                                -                ] y.config.RepositoryConfigurationDelegate:143  : Bootstrapping Spring Data Redis repositories in DEFAULT mode. 
2024-09-18 17:45:37.834 INFO  [admin-bff] [           main] [                                -                ] y.config.RepositoryConfigurationDelegate:211  : Finished Spring Data repository scanning in 3 ms. Found 0 Redis repository interfaces. 
2024-09-18 17:45:37.848 INFO  [admin-bff] [           main] [                                -                ] amework.cloud.context.scope.GenericScope:282  : BeanFactory id=492e2b8e-62ee-357a-b71f-854529ca715b 
2024-09-18 17:45:37.923 INFO  [admin-bff] [           main] [                                -                ] boot.web.embedded.tomcat.TomcatWebServer:111  : Tomcat initialized with port 0 (http) 
2024-09-18 17:45:37.924 INFO  [admin-bff] [           main] [                                -                ] org.apache.catalina.core.StandardService:173  : Starting service [Tomcat] 
2024-09-18 17:45:37.924 INFO  [admin-bff] [           main] [                                -                ]  org.apache.catalina.core.StandardEngine:173  : Starting Servlet engine: [Apache Tomcat/10.1.26] 
2024-09-18 17:45:37.934 INFO  [admin-bff] [           main] [                                -                ] e.ContainerBase.[Tomcat].[localhost].[/]:173  : Initializing Spring embedded WebApplicationContext 
2024-09-18 17:45:37.934 INFO  [admin-bff] [           main] [                                -                ] ntext.ServletWebServerApplicationContext:296  : Root WebApplicationContext: initialization completed in 245 ms 
2024-09-18 17:45:38.461 INFO  [admin-bff] [           main] [                                -                ] boot.web.embedded.tomcat.TomcatWebServer:243  : Tomcat started on port 40987 (http) with context path '/' 
2024-09-18 17:45:38.511 INFO  [admin-bff] [           main] [                                -                ] boot.web.embedded.tomcat.TomcatWebServer:111  : Tomcat initialized with port 0 (http) 
2024-09-18 17:45:38.511 INFO  [admin-bff] [           main] [                                -                ] org.apache.catalina.core.StandardService:173  : Starting service [Tomcat] 
2024-09-18 17:45:38.512 INFO  [admin-bff] [           main] [                                -                ]  org.apache.catalina.core.StandardEngine:173  : Starting Servlet engine: [Apache Tomcat/10.1.26] 
2024-09-18 17:45:38.521 INFO  [admin-bff] [           main] [                                -                ] ContainerBase.[Tomcat-1].[localhost].[/]:173  : Initializing Spring embedded WebApplicationContext 
2024-09-18 17:45:38.521 INFO  [admin-bff] [           main] [                                -                ] ntext.ServletWebServerApplicationContext:296  : Root WebApplicationContext: initialization completed in 23 ms 
2024-09-18 17:45:38.525 INFO  [admin-bff] [           main] [                                -                ] tuate.endpoint.web.EndpointLinksResolver:60   : Exposing 6 endpoints beneath base path '/actuator' 
2024-09-18 17:45:38.538 INFO  [admin-bff] [           main] [                                -                ] boot.web.embedded.tomcat.TomcatWebServer:243  : Tomcat started on port 39547 (http) with context path '/' 
2024-09-18 17:45:38.588 INFO  [admin-bff] [           main] [                                -                ] ategories.list.ListCategoriesUseCaseTest:56   : Started ListCategoriesUseCaseTest in 0.971 seconds (process running for 7.995) 
2024-09-18 17:45:38.589 INFO  [admin-bff] [           main] [                                -                ] admin.config.ApplicationReadyInitializer:28   :  
2024-09-18 17:45:38.589 INFO  [admin-bff] [           main] [                                -                ] admin.config.ApplicationReadyInitializer:29   : ******************************************************************** 
2024-09-18 17:45:38.589 INFO  [admin-bff] [           main] [                                -                ] admin.config.ApplicationReadyInitializer:30   :  ADMIN BFF STARTED 
2024-09-18 17:45:38.590 INFO  [admin-bff] [           main] [                                -                ] admin.config.ApplicationReadyInitializer:31   : ******************************************************************** 
2024-09-18 17:45:38.590 INFO  [admin-bff] [           main] [                                -                ] admin.config.ApplicationReadyInitializer:32   : Default Charset: UTF-8 
2024-09-18 17:45:38.590 INFO  [admin-bff] [           main] [                                -                ] admin.config.ApplicationReadyInitializer:33   : File Encoding:   UTF-8 
2024-09-18 17:45:38.590 INFO  [admin-bff] [           main] [                                -                ] admin.config.ApplicationReadyInitializer:34   : Server time:     2024-09-18T17:45:38.590448574-03:00[America/Argentina/Buenos_Aires] 
2024-09-18 17:45:38.590 INFO  [admin-bff] [           main] [                                -                ] admin.config.ApplicationReadyInitializer:36   : ----------------------- JVM memory ---------------------- 
2024-09-18 17:45:38.590 INFO  [admin-bff] [           main] [                                -                ] admin.config.ApplicationReadyInitializer:37   : Max Heap size: 7 GB 
2024-09-18 17:45:38.591 INFO  [admin-bff] [           main] [                                -                ] admin.config.ApplicationReadyInitializer:38   : Initial Heap size: 500 MB 
2024-09-18 17:45:38.591 INFO  [admin-bff] [           main] [                                -                ] admin.config.ApplicationReadyInitializer:39   : Heap usage: 134 MB 
2024-09-18 17:45:38.591 INFO  [admin-bff] [           main] [                                -                ] admin.config.ApplicationReadyInitializer:40   : URL: http://localhost:4318/v1/traces 
2024-09-18 17:45:38.591 INFO  [admin-bff] [           main] [                                -                ] admin.config.ApplicationReadyInitializer:41   : ------------------------ Users service ---------------------- 
2024-09-18 17:45:38.591 INFO  [admin-bff] [           main] [                                -                ] admin.config.ApplicationReadyInitializer:42   : URL: http://localhost:20001 
2024-09-18 17:45:38.591 INFO  [admin-bff] [           main] [                                -                ] admin.config.ApplicationReadyInitializer:43   : ----------------------- Products service ---------------------- 
2024-09-18 17:45:38.591 INFO  [admin-bff] [           main] [                                -                ] admin.config.ApplicationReadyInitializer:44   : URL: http://localhost:20002 
2024-09-18 17:45:38.592 INFO  [admin-bff] [           main] [                                -                ] admin.config.ApplicationReadyInitializer:45   : ******************************************************************** 
2024-09-18 17:45:38.592 INFO  [admin-bff] [           main] [                                -                ] admin.config.ApplicationReadyInitializer:46   :  
2024-09-18 17:45:38.664 INFO  [admin-bff] [           main] [                                -                ] org.apache.catalina.core.StandardService:173  : Stopping service [Tomcat] 
]]></system-out>
  </testcase>
</testsuite>